[2019-10-26 12:08:04][87] Processing: App\Jobs\ProjectCreateMail
[2019-10-26 12:08:27][87] Processed:  App\Jobs\ProjectCreateMail
[2019-10-26 12:08:27][88] Processing: App\Jobs\ProjectCreateMail
[2019-10-26 12:08:27][88] Processed:  App\Jobs\ProjectCreateMail
[2019-10-26 12:08:27][89] Processing: App\Jobs\ProjectCreateMail
[2019-10-26 12:08:27][89] Processed:  App\Jobs\ProjectCreateMail
[2019-10-26 12:08:27][90] Processing: App\Jobs\ProjectCreateMail
[2019-10-26 12:08:27][90] Processed:  App\Jobs\ProjectCreateMail
[2019-10-26 12:08:27][91] Processing: App\Jobs\ProjectCreateMail
[2019-10-26 12:08:28][91] Processed:  App\Jobs\ProjectCreateMail
[2019-10-26 12:08:28][92] Processing: App\Jobs\ProjectCreateMail
[2019-10-26 12:08:28][92] Processed:  App\Jobs\ProjectCreateMail
[2019-10-26 12:08:28][93] Processing: App\Jobs\ProjectCreateMail
[2019-10-26 12:08:28][93] Processed:  App\Jobs\ProjectCreateMail
[2019-10-26 12:08:28][94] Processing: App\Jobs\ProjectCreateMail
[2019-10-26 12:08:28][94] Processed:  App\Jobs\ProjectCreateMail
[2019-10-26 12:08:28][95] Processing: App\Jobs\ProjectCreateMail
[2019-10-26 12:08:29][95] Processed:  App\Jobs\ProjectCreateMail
[2019-10-26 12:08:29][96] Processing: App\Jobs\ProjectCreateMail
[2019-10-26 12:08:29][96] Processed:  App\Jobs\ProjectCreateMail
[2019-10-26 12:08:29][97] Processing: App\Jobs\ProjectCreateMail
[2019-10-26 12:08:29][97] Processed:  App\Jobs\ProjectCreateMail
[2019-10-26 12:08:29][98] Processing: App\Jobs\ProjectCreateMail
[2019-10-26 12:08:29][98] Processed:  App\Jobs\ProjectCreateMail
[2019-10-26 12:08:29][99] Processing: App\Jobs\ProjectCreateMail
[2019-10-26 12:08:29][99] Processed:  App\Jobs\ProjectCreateMail
[2019-10-26 12:08:29][100] Processing: App\Jobs\ProjectCreateMail
[2019-10-26 12:08:30][100] Processed:  App\Jobs\ProjectCreateMail
[2019-10-26 12:08:30][101] Processing: App\Jobs\ProjectCreateMail
[2019-10-26 12:08:30][101] Processed:  App\Jobs\ProjectCreateMail
[2019-10-26 12:08:30][102] Processing: App\Jobs\ProjectCreateMail
[2019-10-26 12:08:30][102] Processed:  App\Jobs\ProjectCreateMail
[2019-10-26 12:08:30][103] Processing: App\Jobs\ProjectCreateMail
[2019-10-26 12:08:30][103] Processed:  App\Jobs\ProjectCreateMail
[2019-10-26 12:08:30][104] Processing: App\Jobs\ProjectCreateMail
[2019-10-26 12:08:30][104] Processed:  App\Jobs\ProjectCreateMail
[2019-10-26 12:08:30][105] Processing: App\Jobs\ProjectCreateMail
[2019-10-26 12:08:30][105] Processed:  App\Jobs\ProjectCreateMail
[2019-10-26 12:08:30][106] Processing: App\Jobs\ProjectCreateMail
[2019-10-26 12:08:30][106] Processed:  App\Jobs\ProjectCreateMail
[2019-10-26 12:08:30][107] Processing: App\Jobs\ProjectCreateMail
[2019-10-26 12:08:30][107] Processed:  App\Jobs\ProjectCreateMail
[2019-10-26 12:08:30][108] Processing: App\Jobs\ProjectCreateMail
[2019-10-26 12:08:30][108] Processed:  App\Jobs\ProjectCreateMail
[2019-10-26 12:08:31][109] Processing: App\Jobs\ProjectCreateMail
[2019-10-26 12:08:31][109] Processed:  App\Jobs\ProjectCreateMail
[2019-10-26 12:08:31][110] Processing: App\Jobs\ProjectCreateMail
[2019-10-26 12:08:31][110] Processed:  App\Jobs\ProjectCreateMail
[2019-10-26 12:08:31][111] Processing: App\Jobs\ProjectCreateMail
[2019-10-26 12:08:31][111] Processed:  App\Jobs\ProjectCreateMail
[2019-10-26 12:08:31][112] Processing: App\Jobs\ProjectCreateMail
[2019-10-26 12:08:31][112] Processed:  App\Jobs\ProjectCreateMail
[2019-10-26 12:08:31][113] Processing: App\Jobs\ProjectCreateMail
[2019-10-26 12:08:31][113] Processed:  App\Jobs\ProjectCreateMail
[2019-10-26 12:08:31][114] Processing: App\Jobs\ProjectCreateMail
[2019-10-26 12:08:32][114] Processed:  App\Jobs\ProjectCreateMail
[2019-10-26 12:08:32][115] Processing: App\Jobs\ProjectCreateMail
[2019-10-26 12:08:32][115] Processed:  App\Jobs\ProjectCreateMail
[2019-10-26 12:08:32][116] Processing: App\Jobs\ProjectCreateMail
[2019-10-26 12:08:32][116] Processed:  App\Jobs\ProjectCreateMail
[2019-10-26 12:08:32][117] Processing: App\Jobs\ProjectCreateMail
[2019-10-26 12:08:33][117] Processed:  App\Jobs\ProjectCreateMail
[2019-10-26 12:08:33][118] Processing: App\Jobs\ProjectCreateMail
[2019-10-26 12:08:33][118] Processed:  App\Jobs\ProjectCreateMail
[2019-10-26 12:08:33][119] Processing: App\Jobs\SendWelcomeMail
[2019-10-26 12:08:33][119] Processed:  App\Jobs\SendWelcomeMail
[2019-10-26 12:08:33][120] Processing: App\Jobs\SendWelcomeMail
[2019-10-26 12:08:34][120] Processed:  App\Jobs\SendWelcomeMail
[2019-10-26 12:08:34][121] Processing: App\Jobs\SendWelcomeMail
[2019-10-26 12:08:34][121] Processed:  App\Jobs\SendWelcomeMail
[2019-10-26 12:08:34][122] Processing: App\Jobs\SendWelcomeMail
[2019-10-26 12:08:34][122] Processed:  App\Jobs\SendWelcomeMail
[2019-10-26 12:08:34][123] Processing: App\Jobs\SendWelcomeMail
[2019-10-26 12:08:35][123] Processed:  App\Jobs\SendWelcomeMail
[2019-10-26 12:08:35][124] Processing: App\Jobs\SendWelcomeMail
[2019-10-26 12:08:35][124] Processed:  App\Jobs\SendWelcomeMail
[2019-10-26 12:08:35][125] Processing: App\Jobs\SendWelcomeMail
[2019-10-26 12:08:35][125] Processed:  App\Jobs\SendWelcomeMail
[2019-10-26 12:08:35][126] Processing: App\Jobs\SendWelcomeMail
[2019-10-26 12:08:36][126] Processed:  App\Jobs\SendWelcomeMail
[2019-10-26 12:08:36][127] Processing: App\Jobs\SendWelcomeMail
[2019-10-26 12:08:36][127] Processed:  App\Jobs\SendWelcomeMail
[2019-10-26 12:08:36][128] Processing: App\Jobs\SendWelcomeMail
[2019-10-26 12:08:37][128] Processed:  App\Jobs\SendWelcomeMail
[2019-10-26 12:08:37][129] Processing: App\Jobs\SendWelcomeMail
[2019-10-26 12:08:43][129] Processed:  App\Jobs\SendWelcomeMail
[2019-10-26 12:08:43][130] Processing: App\Jobs\SendWelcomeMail
[2019-10-26 12:08:43][130] Processed:  App\Jobs\SendWelcomeMail
[2019-10-26 12:08:43][131] Processing: App\Jobs\SendWelcomeMail
[2019-10-26 12:08:43][131] Processed:  App\Jobs\SendWelcomeMail
[2019-10-26 12:08:43][132] Processing: App\Jobs\SendWelcomeMail
[2019-10-26 12:08:43][132] Processed:  App\Jobs\SendWelcomeMail
[2019-10-26 12:08:43][133] Processing: App\Jobs\SendWelcomeMail
[2019-10-26 12:08:43][133] Processed:  App\Jobs\SendWelcomeMail
[2019-10-26 12:08:43][134] Processing: App\Jobs\SendWelcomeMail
[2019-10-26 12:08:43][134] Processed:  App\Jobs\SendWelcomeMail
[2019-10-26 12:08:43][135] Processing: App\Jobs\SendWelcomeMail
[2019-10-26 12:08:43][135] Processed:  App\Jobs\SendWelcomeMail
[2019-10-26 12:08:43][136] Processing: App\Jobs\ProjectCreateMail
[2019-10-26 12:08:43][136] Processed:  App\Jobs\ProjectCreateMail
[2019-10-26 12:08:43][137] Processing: App\Jobs\ProjectCreateMail
[2019-10-26 12:08:44][137] Processed:  App\Jobs\ProjectCreateMail
[2019-10-26 12:08:44][138] Processing: App\Jobs\ProjectCreateMail
[2019-10-26 12:08:44][138] Processed:  App\Jobs\ProjectCreateMail
[2019-10-26 12:08:44][139] Processing: App\Jobs\ProjectCreateMail
[2019-10-26 12:08:45][139] Processed:  App\Jobs\ProjectCreateMail
[2019-10-26 12:08:45][140] Processing: App\Jobs\ProjectCreateMail
[2019-10-26 12:08:45][140] Processed:  App\Jobs\ProjectCreateMail
[2019-10-26 12:08:45][141] Processing: App\Jobs\SendWelcomeMail
[2019-10-26 12:08:50][141] Processed:  App\Jobs\SendWelcomeMail
[2019-10-26 12:08:50][142] Processing: App\Jobs\ProjectCreateMail
[2019-10-26 12:08:50][142] Processed:  App\Jobs\ProjectCreateMail
[2019-10-26 12:08:50][143] Processing: App\Jobs\ProjectCreateMail
[2019-10-26 12:08:50][143] Processed:  App\Jobs\ProjectCreateMail
[2019-10-26 12:08:50][144] Processing: App\Jobs\ProjectCreateMail
[2019-10-26 12:08:50][144] Processed:  App\Jobs\ProjectCreateMail
[2019-10-26 12:08:50][145] Processing: App\Jobs\ProjectCreateMail
[2019-10-26 12:08:50][145] Processed:  App\Jobs\ProjectCreateMail
[2019-10-26 12:08:50][146] Processing: App\Jobs\ProjectCreateMail
[2019-10-26 12:08:50][146] Processed:  App\Jobs\ProjectCreateMail
[2019-10-26 12:08:50][147] Processing: App\Jobs\SendWelcomeMail
[2019-10-26 12:08:51][147] Processed:  App\Jobs\SendWelcomeMail
[2019-10-26 12:08:51][148] Processing: App\Jobs\SendWelcomeMail
[2019-10-26 12:08:51][148] Processed:  App\Jobs\SendWelcomeMail
[2019-10-26 12:08:51][149] Processing: App\Jobs\SendWelcomeMail
[2019-10-26 12:08:51][149] Processed:  App\Jobs\SendWelcomeMail
[2019-10-26 12:31:29][150] Processing: App\Jobs\ContactCampaignerMail
array:1 [
  "project_id" => 3
]
[2019-10-26 13:24:38][163] Processing: App\Jobs\ContactCampaignerMail
array:2 [
  "id" => 16
  "type" => "CampaignerContact"
]
[2019-10-26 13:25:25][162] Processing: App\Jobs\ContactCampaignerMail
array:2 [
  "id" => 15
  "type" => "CampaignerContact"
]
[2019-10-26 13:26:39][150] Processing: App\Jobs\ContactCampaignerMail
array:1 [
  "project_id" => 3
]
[2019-10-26 13:26:42][151] Processing: App\Jobs\ContactCampaignerMail
array:1 [
  "project_id" => 4
]
[2019-12-26 20:08:57][1] Processing: App\Jobs\SendWelcomeMail
[2019-12-26 20:08:57][1] Processed:  App\Jobs\SendWelcomeMail
[2019-12-26 20:08:57][2] Processing: App\Jobs\ContactCampaignerMail
"Address in mailbox given [] does not comply with RFC 2822, 3.6.2.#355@/var/www/html/innereye/crm/vendor/swiftmailer/swiftmailer/lib/classes/Swift/Mime/Headers/MailboxHeader.php"
[2019-12-26 20:09:07][3] Processing: App\Jobs\ProjectCreateMail
[2019-12-26 20:09:07][3] Processed:  App\Jobs\ProjectCreateMail
[2019-12-26 20:09:07][4] Processing: App\Jobs\ProjectCreateMail
[2019-12-26 20:09:07][4] Processed:  App\Jobs\ProjectCreateMail
[2019-12-26 20:09:07][5] Processing: App\Jobs\ProjectCreateMail
[2019-12-26 20:09:07][5] Processed:  App\Jobs\ProjectCreateMail
[2019-12-26 20:09:07][6] Processing: App\Jobs\ProjectCreateMail
[2019-12-26 20:09:07][6] Processed:  App\Jobs\ProjectCreateMail
[2019-12-26 20:09:07][7] Processing: App\Jobs\ProjectCreateMail
[2019-12-26 20:09:07][7] Processed:  App\Jobs\ProjectCreateMail
[2019-12-26 20:09:07][8] Processing: App\Jobs\ProjectCreateMail
[2019-12-26 20:09:07][8] Processed:  App\Jobs\ProjectCreateMail
[2019-12-26 20:09:07][9] Processing: App\Jobs\ProjectCreateMail
[2019-12-26 20:09:07][9] Processed:  App\Jobs\ProjectCreateMail
[2019-12-26 20:09:07][10] Processing: App\Jobs\ProjectCreateMail
[2019-12-26 20:09:13][10] Processed:  App\Jobs\ProjectCreateMail
[2019-12-26 20:09:13][11] Processing: App\Jobs\ProjectCreateMail
[2019-12-26 20:09:13][11] Processed:  App\Jobs\ProjectCreateMail
[2019-12-26 20:09:13][12] Processing: App\Jobs\ProjectCreateMail
[2019-12-26 20:09:13][12] Processed:  App\Jobs\ProjectCreateMail
[2019-12-26 20:09:13][13] Processing: App\Jobs\ProjectCreateMail
[2019-12-26 20:09:13][13] Processed:  App\Jobs\ProjectCreateMail
[2019-12-26 20:09:13][14] Processing: App\Jobs\ProjectCreateMail
[2019-12-26 20:09:13][14] Processed:  App\Jobs\ProjectCreateMail
[2019-12-26 20:09:13][15] Processing: App\Jobs\ProjectCreateMail
[2019-12-26 20:09:13][15] Processed:  App\Jobs\ProjectCreateMail
[2019-12-26 20:09:13][16] Processing: App\Jobs\ProjectCreateMail
[2019-12-26 20:09:13][16] Processed:  App\Jobs\ProjectCreateMail
[2019-12-26 20:09:13][17] Processing: App\Jobs\ProjectCreateMail
[2019-12-26 20:09:13][17] Processed:  App\Jobs\ProjectCreateMail
[2019-12-26 20:09:13][18] Processing: App\Jobs\ProjectCreateMail
[2019-12-26 20:09:13][18] Processed:  App\Jobs\ProjectCreateMail
[2019-12-26 20:09:13][19] Processing: App\Jobs\ProjectCreateMail
[2019-12-26 20:09:13][19] Processed:  App\Jobs\ProjectCreateMail
[2019-12-26 20:09:13][20] Processing: App\Jobs\ProjectCreateMail
[2019-12-26 20:09:13][20] Processed:  App\Jobs\ProjectCreateMail
[2019-12-26 20:09:13][21] Processing: App\Jobs\ProjectCreateMail
[2019-12-26 20:09:13][21] Processed:  App\Jobs\ProjectCreateMail
[2019-12-26 20:09:14][22] Processing: App\Jobs\ProjectCreateMail
[2019-12-26 20:09:14][22] Processed:  App\Jobs\ProjectCreateMail
[2019-12-26 20:09:14][23] Processing: App\Jobs\ProjectCreateMail
[2019-12-26 20:09:14][23] Processed:  App\Jobs\ProjectCreateMail
[2019-12-26 20:09:14][24] Processing: App\Jobs\ProjectCreateMail
[2019-12-26 20:09:14][24] Processed:  App\Jobs\ProjectCreateMail
[2019-12-26 20:09:14][25] Processing: App\Jobs\ProjectCreateMail
[2019-12-26 20:09:19][25] Processed:  App\Jobs\ProjectCreateMail
[2019-12-26 20:09:19][26] Processing: App\Jobs\DonationInvoiceMail
"Address in mailbox given [] does not comply with RFC 2822, 3.6.2.#355@/var/www/html/innereye/crm/vendor/swiftmailer/swiftmailer/lib/classes/Swift/Mime/Headers/MailboxHeader.php"
